<?xml version="1.0" encoding="UTF-8"?>
<!-- Generated by org.testng.reporters.JUnitReportReporter -->
<testsuite hostname="DESKTOP-554G7MR" failures="0" tests="2" name="com.edusol.runner.Runner" time="31.908" errors="0" timestamp="2022-02-12T12:23:57 IST" skipped="0">
  <testcase classname="com.edusol.runner.Runner" name="LoginLogout" time="15.407"/>
  <system-out/>
  <testcase classname="com.edusol.runner.Runner" name="Login" time="16.501"/>
  <system-out/>
</testsuite> <!-- com.edusol.runner.Runner -->
